<?xml version="1.0" encoding="UTF-8"?>
<!-- Generated by org.testng.reporters.JUnitReportReporter -->
<testsuite hostname="DESKTOP-81MA025" failures="0" tests="1" name="com.pojo_01.dummy_Api_Req" time="2.406" errors="0" timestamp="2023-02-20T10:38:28 IST" skipped="0">
  <testcase classname="com.pojo_01.dummy_Api_Req" name="req" time="2.406"/>
  <system-out/>
</testsuite> <!-- com.pojo_01.dummy_Api_Req -->
