<?xml version="1.0" encoding="UTF-8"?>
<!-- Generated by org.testng.reporters.JUnitReportReporter -->
<testsuite hostname="DESKTOP-81MA025" failures="0" tests="1" name="com.authontication.DigestAuthontication" time="3.885" errors="0" timestamp="2023-02-19T20:27:25 IST" skipped="0">
  <testcase classname="com.authontication.DigestAuthontication" name="test01" time="3.885"/>
  <system-out/>
</testsuite> <!-- com.authontication.DigestAuthontication -->
