<?xml version="1.0" encoding="UTF-8"?>
<!-- Generated by org.testng.reporters.JUnitReportReporter -->
<testsuite hostname="DESKTOP-81MA025" failures="0" tests="1" name="com.concepts.ReqSpec_ResSpec" time="3.171" errors="0" timestamp="2023-02-20T08:10:14 IST" skipped="0">
  <testcase classname="com.concepts.ReqSpec_ResSpec" name="getReq_01" time="3.171"/>
  <system-out/>
</testsuite> <!-- com.concepts.ReqSpec_ResSpec -->
