<?xml version="1.0" encoding="UTF-8"?>
<!-- Generated by org.testng.reporters.JUnitReportReporter -->
<testsuite hostname="DESKTOP-81MA025" failures="0" tests="1" name="com.getrequest.Get_03" time="5.093" errors="0" timestamp="2023-02-10T17:34:55 IST" skipped="0">
  <testcase classname="com.getrequest.Get_03" name="getReq_01" time="5.093"/>
  <system-out/>
</testsuite> <!-- com.getrequest.Get_03 -->
