<?xml version="1.0" encoding="UTF-8"?>
<!-- Generated by org.testng.reporters.JUnitReportReporter -->
<testsuite hostname="DESKTOP-81MA025" failures="0" tests="1" name="com.pojo_04.PostRequest" time="2.802" errors="0" timestamp="2023-02-10T14:42:38 IST" skipped="0">
  <testcase classname="com.pojo_04.PostRequest" name="P_01" time="2.802"/>
  <system-out/>
</testsuite> <!-- com.pojo_04.PostRequest -->
