<?xml version="1.0" encoding="UTF-8"?>
<!-- Generated by org.testng.reporters.JUnitReportReporter -->
<testsuite hostname="DESKTOP-81MA025" failures="0" tests="1" name="com.postrequest.Post_01" time="3.703" errors="0" timestamp="2023-02-20T11:03:28 IST" skipped="0">
  <testcase classname="com.postrequest.Post_01" name="postReq_05" time="3.703"/>
  <system-out/>
</testsuite> <!-- com.postrequest.Post_01 -->
