<?xml version="1.0" encoding="UTF-8"?>
<!-- Generated by org.testng.reporters.JUnitReportReporter -->
<testsuite hostname="DESKTOP-81MA025" failures="0" tests="1" name="com.concepts.ResTime" time="2.596" errors="0" timestamp="2023-02-09T13:37:17 IST" skipped="0">
  <testcase classname="com.concepts.ResTime" name="getReq_02" time="2.596"/>
  <system-out/>
</testsuite> <!-- com.concepts.ResTime -->
