<?xml version="1.0" encoding="UTF-8"?>
<!-- Generated by org.testng.reporters.JUnitReportReporter -->
<testsuite hostname="DESKTOP-81MA025" failures="0" tests="1" name="com.findElementFindElements.FindElementFindElements2" time="1.643" errors="0" timestamp="2023-02-20T09:25:42 IST" skipped="0">
  <testcase classname="com.findElementFindElements.FindElementFindElements2" name="response" time="1.643"/>
  <system-out/>
</testsuite> <!-- com.findElementFindElements.FindElementFindElements2 -->
