<?xml version="1.0" encoding="UTF-8"?>
<!-- Generated by org.testng.reporters.JUnitReportReporter -->
<testsuite hostname="DESKTOP-81MA025" failures="0" tests="1" name="com.authontication.BasicAuthontication" time="5.286" errors="0" timestamp="2023-02-19T20:22:13 IST" skipped="0">
  <testcase classname="com.authontication.BasicAuthontication" name="basic_03" time="5.286"/>
  <system-out/>
</testsuite> <!-- com.authontication.BasicAuthontication -->
