<?xml version="1.0" encoding="UTF-8"?>
<!-- Generated by org.testng.reporters.JUnitReportReporter -->
<testsuite hostname="DESKTOP-81MA025" failures="0" tests="1" name="com.pojo_04_Object_NestedArray.PostRequest" time="2.691" errors="0" timestamp="2023-02-20T10:53:56 IST" skipped="0">
  <testcase classname="com.pojo_04_Object_NestedArray.PostRequest" name="P_01" time="2.691"/>
  <system-out/>
</testsuite> <!-- com.pojo_04_Object_NestedArray.PostRequest -->
