<?xml version="1.0" encoding="UTF-8"?>
<!-- Generated by org.testng.reporters.JUnitReportReporter -->
<testsuite hostname="DESKTOP-81MA025" failures="0" tests="2" name="com.concepts.find_res_type_map_array_others_" time="3.767" errors="0" timestamp="2023-02-10T16:59:42 IST" skipped="0">
  <testcase classname="com.concepts.find_res_type_map_array_others_" name="getReq_02" time="3.349"/>
  <system-out/>
  <testcase classname="com.concepts.find_res_type_map_array_others_" name="getReq_03" time="0.418"/>
  <system-out/>
</testsuite> <!-- com.concepts.find_res_type_map_array_others_ -->
