<?xml version="1.0" encoding="UTF-8"?>
<!-- Generated by org.testng.reporters.JUnitReportReporter -->
<testsuite hostname="DESKTOP-81MA025" failures="0" tests="1" name="com.deserlization.PostReq" time="3.771" errors="0" timestamp="2023-02-20T08:52:39 IST" skipped="0">
  <testcase classname="com.deserlization.PostReq" name="postReq_03" time="3.771"/>
  <system-out/>
</testsuite> <!-- com.deserlization.PostReq -->
