<?xml version="1.0" encoding="UTF-8"?>
<!-- Generated by org.testng.reporters.JUnitReportReporter -->
<testsuite hostname="DESKTOP-81MA025" failures="0" tests="6" name="com.concepts.useHeaders" time="1.876" errors="0" timestamp="2023-02-10T16:04:39 IST" skipped="0">
  <testcase classname="com.concepts.useHeaders" name="getReq_04" time="0.062"/>
  <system-out/>
  <testcase classname="com.concepts.useHeaders" name="getReq_06" time="0.018"/>
  <system-out/>
  <testcase classname="com.concepts.useHeaders" name="getReq_02" time="1.709"/>
  <system-out/>
  <testcase classname="com.concepts.useHeaders" name="getReq_07" time="0.017"/>
  <system-out/>
  <testcase classname="com.concepts.useHeaders" name="getReq_05" time="0.020"/>
  <system-out/>
  <testcase classname="com.concepts.useHeaders" name="getReq_03" time="0.050"/>
  <system-out/>
</testsuite> <!-- com.concepts.useHeaders -->
