<?xml version="1.0" encoding="UTF-8"?>
<!-- Generated by org.testng.reporters.JUnitReportReporter -->
<testsuite hostname="DESKTOP-81MA025" failures="0" tests="1" name="com.authontication.ApiKeyAuthontication" time="6.226" errors="0" timestamp="2023-02-17T15:50:02 IST" skipped="0">
  <testcase classname="com.authontication.ApiKeyAuthontication" name="apiKey1" time="6.226"/>
  <system-out/>
</testsuite> <!-- com.authontication.ApiKeyAuthontication -->
