<?xml version="1.0" encoding="UTF-8"?>
<!-- Generated by org.testng.reporters.JUnitReportReporter -->
<testsuite hostname="DESKTOP-81MA025" failures="0" tests="1" name="com.jsonpath.simpleandnestedjson.pathsimplejsonobject2" time="1.594" errors="0" timestamp="2023-02-13T16:04:54 IST" skipped="0">
  <testcase classname="com.jsonpath.simpleandnestedjson.pathsimplejsonobject2" name="get_02" time="1.594"/>
  <system-out/>
</testsuite> <!-- com.jsonpath.simpleandnestedjson.pathsimplejsonobject2 -->
