<?xml version="1.0" encoding="UTF-8"?>
<!-- Generated by org.testng.reporters.JUnitReportReporter -->
<testsuite hostname="DESKTOP-81MA025" failures="0" tests="1" name="com.deserlization.deseralize" time="4.265" errors="0" timestamp="2023-02-15T11:50:51 IST" skipped="0">
  <testcase classname="com.deserlization.deseralize" name="postReq_03" time="4.265"/>
  <system-out/>
</testsuite> <!-- com.deserlization.deseralize -->
