<?xml version="1.0" encoding="UTF-8"?>
<!-- Generated by org.testng.reporters.JUnitReportReporter -->
<testsuite hostname="DESKTOP-81MA025" failures="0" tests="2" name="com.authontication.Oauth" time="4.897" errors="0" timestamp="2023-02-14T16:32:20 IST" skipped="0">
  <testcase classname="com.authontication.Oauth" name="getRequest" time="1.268"/>
  <system-out/>
  <testcase classname="com.authontication.Oauth" name="getAccessToken" time="3.629"/>
  <system-out/>
</testsuite> <!-- com.authontication.Oauth -->
