<?xml version="1.0" encoding="UTF-8"?>
<!-- Generated by org.testng.reporters.JUnitReportReporter -->
<testsuite hostname="DESKTOP-81MA025" failures="0" tests="1" name="com.pojo_03_nested_json_object.UsePayload" time="2.608" errors="0" timestamp="2023-02-20T10:47:51 IST" skipped="0">
  <testcase classname="com.pojo_03_nested_json_object.UsePayload" name="emp_01" time="2.608"/>
  <system-out/>
</testsuite> <!-- com.pojo_03_nested_json_object.UsePayload -->
