<?xml version="1.0" encoding="UTF-8"?>
<!-- Generated by org.testng.reporters.JUnitReportReporter -->
<testsuite hostname="DESKTOP-81MA025" failures="0" tests="1" name="com.authontication.BearerToken" time="4.341" errors="0" timestamp="2023-02-19T20:25:26 IST" skipped="0">
  <testcase classname="com.authontication.BearerToken" name="Req_01" time="4.341"/>
  <system-out/>
</testsuite> <!-- com.authontication.BearerToken -->
