<?xml version="1.0" encoding="UTF-8"?>
<!-- Generated by org.testng.reporters.JUnitReportReporter -->
<testsuite hostname="DESKTOP-81MA025" failures="0" tests="1" name="com.pojo_02_arrayOfObject.dummy_Api_Req_01" time="3.506" errors="0" timestamp="2023-02-20T13:47:59 IST" skipped="0">
  <testcase classname="com.pojo_02_arrayOfObject.dummy_Api_Req_01" name="PostReq_01" time="3.506"/>
  <system-out/>
</testsuite> <!-- com.pojo_02_arrayOfObject.dummy_Api_Req_01 -->
