<?xml version="1.0" encoding="UTF-8"?>
<!-- Generated by org.testng.reporters.JUnitReportReporter -->
<testsuite hostname="DESKTOP-81MA025" failures="0" tests="1" name="com.concepts.path_Param_QueryPrama" time="6.349" errors="0" timestamp="2023-02-20T08:00:57 IST" skipped="0">
  <testcase classname="com.concepts.path_Param_QueryPrama" name="get_02" time="6.349"/>
  <system-out/>
</testsuite> <!-- com.concepts.path_Param_QueryPrama -->
