<?xml version="1.0" encoding="UTF-8"?>
<!-- Generated by org.testng.reporters.JUnitReportReporter -->
<testsuite hostname="DESKTOP-81MA025" failures="0" tests="2" name="com.jsonpath.simpleandnestedjson.pathsimplejsonobject" time="3.539" errors="0" timestamp="2023-02-13T16:47:26 IST" skipped="0">
  <testcase classname="com.jsonpath.simpleandnestedjson.pathsimplejsonobject" name="getReq_02" time="3.526"/>
  <system-out/>
  <testcase classname="com.jsonpath.simpleandnestedjson.pathsimplejsonobject" name="get_01" time="0.013"/>
  <system-out/>
</testsuite> <!-- com.jsonpath.simpleandnestedjson.pathsimplejsonobject -->
