<?xml version="1.0" encoding="UTF-8"?>
<!-- Generated by org.testng.reporters.JUnitReportReporter -->
<testsuite hostname="DESKTOP-81MA025" failures="0" tests="1" name="com.deleterequest.Del_01" time="3.158" errors="0" timestamp="2023-02-20T08:43:07 IST" skipped="0">
  <testcase classname="com.deleterequest.Del_01" name="del_01" time="3.158"/>
  <system-out/>
</testsuite> <!-- com.deleterequest.Del_01 -->
