<?xml version="1.0" encoding="UTF-8"?>
<!-- Generated by org.testng.reporters.JUnitReportReporter -->
<testsuite hostname="DESKTOP-81MA025" failures="0" tests="1" name="com.concepts.ValidateResponseHeaders" time="4.103" errors="0" timestamp="2023-02-20T08:39:36 IST" skipped="0">
  <testcase classname="com.concepts.ValidateResponseHeaders" name="getReq_02" time="4.103"/>
  <system-out/>
</testsuite> <!-- com.concepts.ValidateResponseHeaders -->
