<?xml version="1.0" encoding="UTF-8"?>
<!-- Generated by org.testng.reporters.JUnitReportReporter -->
<testsuite hostname="DESKTOP-81MA025" failures="0" tests="1" name="com.findElementFindElements.FindElementFindElements" time="1.914" errors="0" timestamp="2023-02-12T20:54:16 IST" skipped="0">
  <testcase classname="com.findElementFindElements.FindElementFindElements" name="response" time="1.914"/>
  <system-out/>
</testsuite> <!-- com.findElementFindElements.FindElementFindElements -->
